3311
3318
3352
3381
3425
3385
3446
3541
3611
3721
3667
3927
4095
4095
4095
4095
4095
4095
4095
4095
4095
4095
4095
4095
4095
4095
4095
4095
4095
4095
4095
4095
4095
4095
4095
4095
4095
4095
4095
4095
4095
4095
4079
4032
3986
3947
3901
3845
3800
3748
3712
3711
3673
3628
3573
3533
3490
3465
3439
3403
3380
3353
3331
3305
3281
3258
3229
3202
3181
3142
3107
3082
3050
3019
2991
2958
2936
2917
2900
2894
2870
2855
2843
2827
2812
2801
2782
2759
2740
2717
2690
2670
2658
2624
2600
2580
2561
2547
2535
2526
2527
2513
2505
2499
2497
2494
2481
2472
2452
2434
2419
2401
2387
2363
2347
2326
2312
2292
2281
2279
2283
2269
2273
2256
2247
2240
2248
2240
2234
2220
2209
2191
2174
2161
2147
2131
2131
2112
2093
2084
2085
2075
2067
2080
2065
2064
2056
2058
2054
2050
2039
2024
2010
1999
1985
1970
1955
1941
1924
1926
1914
1909
1907
1911
1905
1907
1905
1903
1907
1898
1886
1882
1864
1849
1838
1826
1814
1803
1787
1783
1778
1779
1774
1780
1783
1776
1776
1781
1778
1777
1773
1764
1754
1744
1730
1722
1717
1699
1686
1670
1666
1668
1663
1663
1669
1670
1669
1665
1674
1671
1670
1668
1658
1646
1645
1625
1626
1606
1595
1591
1584
1578
1568
1575
1568
1563
1578
1571
1577
1569
1573
1567
1576
1568
1559
1551
1534
1538
1527
1510
1501
1488
1484
1484
1483
1483
1491
1490
1495
1498
1496
1498
1493
1490
1486
1473
1463
1454
1443
1432
1423
1420
1411
1408
1410
1412
1419
1420
1426
1426
1426
1437
1424
1420
1421
1413
1405
1394
1389
1378
1369
1358
1347
1344
1344
1347
1345
1355
1356
1360
1359
1363
1364
1366
1366
1357
1351
1345
1333
1329
1318
1309
1299
1288
1288
1290
1286
1290
1292
1304
1298
1305
1305
1311
1312
1311
1304
1298
1292
1279
1273
1268
1253
1244
1234
1235
1240
1237
1236
1245
1246
1252
1255
1258
1269
1250
1248
1235
1239
1229
1225
1214
1203
1194
1185
1187
1191
1188
1192
1199
1202
1206
1211
1212
1216
1211
1206
1200
1199
1197
1188
1180
1170
1160
1153
1143
1142
1143
1145
1148
1155
1159
1164
1167
1168
1169
1172
1172
1166
1161
1155
1143
1138
1130
1119
1112
1103
1102
1103
1105
1111
1109
1121
1118
1125
1129
1130
1135
1133
1129
1123
1119
1106
1099
1093
1082
1075
1065
1066
1066
1069
1070
1081
1081
1083
1088
1092
1095
1100
1098
1094
1089
1083
1070
1066
1060
1056
1040
1032
1030
1032
1032
1036
1039
1053
1051
1056
1059
1063
1068
1065
1057
1050
1043
1038
1034
1034
1026
1017
1010
1000
1000
1000
1004
1006
1015
1020
1029
1030
1032
1037
1036
1035
1032
1025
1019
1007
1004
996
987
981
970
973
973
975
978
989
991
999
997
1000
1004
1005
1007
1003
996
992
987
985
968
957
952
942
946
946
949
952
960
965
972
981
978
984
978
980
970
964
955
948
951
931
925
911
921
924
922
928
935
948
946
949
953
958
954
950
950
938
932
924
917
910
911
903
899
895
897
901
903
913
915
922
928
929
937
932
928
924
923
920
908
898
891
883
881
879
872
873
875
884
892
895
898
906
905
908
913
910
906
902
902
886
880
872
873
858
850
856
853
855
862
869
874
881
884
894
893
888
886
881
879
866
859
853
846
845
839
830
831
834
837
843
849
855
862
865
865
874
874
867
862
855
849
841
834
826
818
812
811
812
816
818
821
831
836
842
846
849
854
851
857
843
836
829
826
823
816
806
803
794
796
796
799
805
813
819
821
827
832
838
838
832
831
834
821
812
809
799
789
780
773
775
779
782
788
799
802
812
812
824
821
816
814
812
802
795
789
782
773
764
754
763
764
768
774
783
787
792
796
807
805
801
797
794
785
780
772
766
757
748
742
748
748
749
753
755
765
770
776
783
785
790
786
782
781
773
766
759
752
752
751
737
728
735
732
738
741
750
756
759
766
771
776
777
769
768
764
761
750
744
739
729
722
716
725
720
726
727
744
743
746
760
757
762
758
756
749
746
738
730
724
717
707
700
704
705
705
715
721
730
735
739
745
756
743
741
737
730
722
717
710
705
692
686
693
695
700
701
703
711
717
726
726
731
737
732
728
721
718
712
708
698
690
684
684
680
679
682
683
691
697
705
711
714
718
724
719
717
711
708
709
699
693
687
677
674
664
669
678
677
679
686
695
700
703
708
710
707
706
707
693
688
681
675
666
657
653
660
657
664
671
673
683
687
691
697
701
701
702
694
690
683
685
670
664
657
648
642
646
651
647
656
659
670
670
676
682
687
692
687
683
679
677
671
659
653
644
637
631
636
635
638
642
646
653
659
666
673
676
678
674
676
668
668
656
649
649
643
634
627
627
625
628
640
637
642
652
657
662
666
672
665
662
659
651
649
638
634
623
616
616
617
617
621
629
633
642
651
651
658
663
655
653
648
640
636
630
622
614
607
601
607
609
613
624
624
633
639
643
642
647
651
647
644
643
633
629
620
615
606
599
592
599
599
604
604
610
615
622
624
634
639
644
638
647
630
624
619
611
606
600
598
589
584
590
590
594
601
606
615
617
